{
  "numTotalTestSuites": 6,
  "numPassedTestSuites": 6,
  "numFailedTestSuites": 0,
  "numPendingTestSuites": 0,
  "numTotalTests": 1,
  "numPassedTests": 1,
  "numFailedTests": 0,
  "numPendingTests": 0,
  "numTodoTests": 0,
  "snapshot": {
    "added": 0,
    "failure": false,
    "filesAdded": 0,
    "filesRemoved": 0,
    "filesRemovedList": [],
    "filesUnmatched": 0,
    "filesUpdated": 0,
    "matched": 0,
    "total": 0,
    "unchecked": 0,
    "uncheckedKeysByFile": [],
    "unmatched": 0,
    "updated": 0,
    "didUpdate": false
  },
  "startTime": 1787432594111,
  "success": true,
  "testResults": [
    {
      "assertionResults": [
        {
          "ancestorTitles": [
            "B1 — a flattened checkout path never reaches a shared record"
          ],
          "fullName": "B1 — a flattened checkout path never reaches a shared record derives the flattened form of a POSIX root",
          "status": "passed",
          "title": "derives the flattened form of a POSIX root",
          "duration": 0.6844169999999963,
          "failureMessages": [],
          "meta": {},
          "tags": []
        }
      ],
      "startTime": 1787432594246,
      "endTime": 1787432594253.223,
      "status": "passed",
      "message": "",
      "name": "tests/unit/reference.test.ts"
    }
  ]
}
